<?xml version="1.0" encoding="UTF-8"?>
<!-- Generated by org.testng.reporters.JUnitReportReporter -->
<testsuite hostname="macbook-pro" failures="0" tests="1" name="org.example.PricingPageTest" time="54.489" errors="0" timestamp="2020-12-10T13:20:44 EST" skipped="0">
  <testcase classname="org.example.PricingPageTest" name="pricingMenuTest" time="54.489"/>
  <system-out/>
</testsuite> <!-- org.example.PricingPageTest -->
