<?xml version="1.0" encoding="UTF-8"?>
<!-- Generated by org.testng.reporters.JUnitReportReporter -->
<testsuite hostname="macbook-pro" failures="0" tests="1" name="org.example.ScheduleDemoTest" time="40.685" errors="0" timestamp="2020-12-10T13:20:44 EST" skipped="0">
  <testcase classname="org.example.ScheduleDemoTest" name="scheduleDemoTest" time="40.685"/>
  <system-out/>
</testsuite> <!-- org.example.ScheduleDemoTest -->
