<?xml version="1.0" encoding="UTF-8"?>
<!-- Generated by org.testng.reporters.JUnitReportReporter -->
<testsuite hostname="macbook-pro" failures="0" tests="1" name="org.example.AppsDropDownPageTest" time="3.169" errors="0" timestamp="2020-12-10T13:20:44 EST" skipped="0">
  <testcase classname="org.example.AppsDropDownPageTest" name="openAppsDropdown" time="3.169"/>
  <system-out/>
</testsuite> <!-- org.example.AppsDropDownPageTest -->
